<?xml version="1.0" encoding="UTF-8"?>
<testsuites name="Amazon_Test Suite" time="138.419" tests="3" failures="0" errors="0">
   <testsuite name="Amazon_Test Suite" tests="3" failures="0" errors="0" time="138.419" skipped="0" timestamp="09-02-2024T22:45:02" hostname="Gnaneshwari - DESKTOP-OPTDEIB" id="Test Suites/Amazon_Test Suite/Amazon_Test Suite">
      <properties>
         <property name="deviceName" value=""/>
         <property name="devicePlatform" value=""/>
         <property name="logFolder" value="C:\\Users\\Gnaneshwari\\git\\Katalon-Automation-Testing-Smart-Bridge\\Reports\\20240209_224458\\Amazon_Test Suite\\Amazon_Test Suite\\20240209_224458"/>
         <property name="logFiles" value="C:\\Users\\Gnaneshwari\\git\\Katalon-Automation-Testing-Smart-Bridge\\Reports\\20240209_224458\\Amazon_Test Suite\\Amazon_Test Suite\\20240209_224458\\execution0.log"/>
         <property name="attachments" value="C:\\Users\\Gnaneshwari\\git\\Katalon-Automation-Testing-Smart-Bridge\\Reports\\20240209_224458\\Amazon_Test Suite\\Amazon_Test Suite\\20240209_224458\\1707499006373.png"/>
         <property name="hostName" value="Gnaneshwari - DESKTOP-OPTDEIB"/>
         <property name="os" value="Windows 11 64bit"/>
         <property name="katalonVersion" value="9.3.0.212"/>
         <property name="browser" value="Chrome 121.0.0.0"/>
         <property name="hostAddress" value="192.168.29.192"/>
         <property name="sessionId" value="dc3adc959868760b51c183a0464c8d2a"/>
         <property name="seleniumVersion" value="3.141.59"/>
         <property name="proxyInformation" value="ProxyInformation { proxyOption=NO_PROXY, proxyServerType=HTTP, username=, password=********, proxyServerAddress=, proxyServerPort=0, executionList=&quot;&quot;, isApplyToDesiredCapabilities=true }"/>
         <property name="platform" value="Windows 11"/>
      </properties>
      <testcase name="Test Cases/Amazon_Test/Amazon_TC_Header" time="57.095" classname="Test Cases/Amazon_Test/Amazon_TC_Header" status="PASSED">
         <system-out><![CDATA[09-02-2024T22:45:02 - [TEST_CASE][PASSED] - Test Cases/Amazon_Test/Amazon_TC_Header: Test Cases/Amazon_Test/Amazon_TC_Header

09-02-2024T22:45:02 - [TEST_STEP][PASSED] - openBrowser(""): Browser is opened with url: ''

09-02-2024T22:45:03 - [MESSAGE][INFO] - Starting 'Chrome' driver

09-02-2024T22:45:03 - [MESSAGE][INFO] - Action delay is set to 0 milliseconds

09-02-2024T22:45:04 - [MESSAGE][PASSED] - Browser is opened with url: ''

09-02-2024T22:45:04 - [TEST_STEP][PASSED] - navigateToUrl("https://www.amazon.in/"): Navigate to 'https://www.amazon.in/' successfully

09-02-2024T22:45:05 - [MESSAGE][PASSED] - Navigate to 'https://www.amazon.in/' successfully

09-02-2024T22:45:05 - [TEST_STEP][PASSED] - maximizeWindow(): Current window maximized

09-02-2024T22:45:05 - [MESSAGE][PASSED] - Current window maximized

09-02-2024T22:45:05 - [TEST_STEP][PASSED] - click(findTestObject("Object Repository/Amazon_Header_OR/Page_Online Shopping site in India Shop Onl_10c5f3/a_Sell")): Object: 'Object Repository/Amazon_Header_OR/Page_Online Shopping site in India Shop Onl_10c5f3/a_Sell' is clicked on

09-02-2024T22:45:35 - [MESSAGE][PASSED] - Object: 'Object Repository/Amazon_Header_OR/Page_Online Shopping site in India Shop Onl_10c5f3/a_Sell' is clicked on

09-02-2024T22:45:35 - [TEST_STEP][PASSED] - click(findTestObject("Object Repository/Amazon_Header_OR/Page_Amazon.in - Deals/a_Electronics")): Object: 'Object Repository/Amazon_Header_OR/Page_Amazon.in - Deals/a_Electronics' is clicked on

09-02-2024T22:45:55 - [MESSAGE][PASSED] - Object: 'Object Repository/Amazon_Header_OR/Page_Amazon.in - Deals/a_Electronics' is clicked on

09-02-2024T22:45:55 - [TEST_STEP][PASSED] - click(findTestObject("Object Repository/Amazon_Header_OR/Page_Help - Amazon Customer Service/a_New Releases")): Object: 'Object Repository/Amazon_Header_OR/Page_Help - Amazon Customer Service/a_New Releases' is clicked on

09-02-2024T22:45:57 - [MESSAGE][PASSED] - Object: 'Object Repository/Amazon_Header_OR/Page_Help - Amazon Customer Service/a_New Releases' is clicked on

09-02-2024T22:45:57 - [TEST_STEP][PASSED] - click(findTestObject("Object Repository/Amazon_Header_OR/Page_Amazon.in Hot New Releases The bestsel_0a911b/a_Gift Ideas")): Object: 'Object Repository/Amazon_Header_OR/Page_Amazon.in Hot New Releases The bestsel_0a911b/a_Gift Ideas' is clicked on

09-02-2024T22:45:58 - [MESSAGE][PASSED] - Object: 'Object Repository/Amazon_Header_OR/Page_Amazon.in Hot New Releases The bestsel_0a911b/a_Gift Ideas' is clicked on

09-02-2024T22:45:58 - [TEST_STEP][PASSED] - closeBrowser(): Browser is closed

09-02-2024T22:45:59 - [MESSAGE][PASSED] - Browser is closed]]></system-out>
         <system-err><![CDATA[]]></system-err>
      </testcase>
      <testcase name="Test Cases/Amazon_Test/Amazon_TC_SignIn" time="9.046" classname="Test Cases/Amazon_Test/Amazon_TC_SignIn" status="PASSED">
         <system-out><![CDATA[09-02-2024T22:45:59 - [TEST_CASE][PASSED] - Test Cases/Amazon_Test/Amazon_TC_SignIn: Test Cases/Amazon_Test/Amazon_TC_SignIn

09-02-2024T22:46:00 - [TEST_STEP][PASSED] - openBrowser(""): Browser is opened with url: ''

09-02-2024T22:46:00 - [MESSAGE][INFO] - Starting 'Chrome' driver

09-02-2024T22:46:00 - [MESSAGE][INFO] - Action delay is set to 0 milliseconds

09-02-2024T22:46:01 - [MESSAGE][PASSED] - Browser is opened with url: ''

09-02-2024T22:46:01 - [TEST_STEP][PASSED] - navigateToUrl("https://www.amazon.in/"): Navigate to 'https://www.amazon.in/' successfully

09-02-2024T22:46:02 - [MESSAGE][PASSED] - Navigate to 'https://www.amazon.in/' successfully

09-02-2024T22:46:02 - [TEST_STEP][PASSED] - click(findTestObject("Object Repository/Amazon_Singin_OR/Page_Online Shopping site in India Shop Onl_10c5f3/span_Sign in")): Object: 'Object Repository/Amazon_Singin_OR/Page_Online Shopping site in India Shop Onl_10c5f3/span_Sign in' is clicked on

09-02-2024T22:46:04 - [MESSAGE][PASSED] - Object: 'Object Repository/Amazon_Singin_OR/Page_Online Shopping site in India Shop Onl_10c5f3/span_Sign in' is clicked on

09-02-2024T22:46:04 - [TEST_STEP][PASSED] - setText(findTestObject("Object Repository/Amazon_Singin_OR/Page_Amazon Sign In/input_Email or mobile phone number_email"), "gnaneshwari.m2009@gmail.com"): Text 'gnaneshwari.m2009@gmail.com' is set on object 'Object Repository/Amazon_Singin_OR/Page_Amazon Sign In/input_Email or mobile phone number_email'

09-02-2024T22:46:05 - [MESSAGE][PASSED] - Text 'gnaneshwari.m2009@gmail.com' is set on object 'Object Repository/Amazon_Singin_OR/Page_Amazon Sign In/input_Email or mobile phone number_email'

09-02-2024T22:46:05 - [TEST_STEP][PASSED] - click(findTestObject("Object Repository/Amazon_Singin_OR/Page_Amazon Sign In/input_Enter your email or mobile phone numb_fc7402")): Object: 'Object Repository/Amazon_Singin_OR/Page_Amazon Sign In/input_Enter your email or mobile phone numb_fc7402' is clicked on

09-02-2024T22:46:07 - [MESSAGE][PASSED] - Object: 'Object Repository/Amazon_Singin_OR/Page_Amazon Sign In/input_Enter your email or mobile phone numb_fc7402' is clicked on

09-02-2024T22:46:07 - [TEST_STEP][PASSED] - setEncryptedText(findTestObject("Object Repository/Amazon_Singin_OR/Page_Amazon Sign In/input_Forgot Password_password"), "BbEaZ1/C9zz0xFryNhGqaA=="): Text ****** has been set on object 'Object Repository/Amazon_Singin_OR/Page_Amazon Sign In/input_Forgot Password_password'

09-02-2024T22:46:08 - [MESSAGE][PASSED] - Text ****** has been set on object 'Object Repository/Amazon_Singin_OR/Page_Amazon Sign In/input_Forgot Password_password'

09-02-2024T22:46:08 - [TEST_STEP][PASSED] - closeBrowser(): Browser is closed

09-02-2024T22:46:08 - [MESSAGE][PASSED] - Browser is closed]]></system-out>
         <system-err><![CDATA[]]></system-err>
      </testcase>
      <testcase name="Test Cases/Amazon_Test/Amazon_TC_Footer" time="34.068" classname="Test Cases/Amazon_Test/Amazon_TC_Footer" status="PASSED">
         <system-out><![CDATA[09-02-2024T22:46:46 - [TEST_CASE][PASSED] - Test Cases/Amazon_Test/Amazon_TC_Footer: Test Cases/Amazon_Test/Amazon_TC_Footer

09-02-2024T22:46:46 - [TEST_STEP][PASSED] - openBrowser(""): Browser is opened with url: ''

09-02-2024T22:46:46 - [MESSAGE][WARNING] - A browser is already opened. Closing browser and opening a new one

09-02-2024T22:46:46 - [MESSAGE][INFO] - Starting 'Chrome' driver

09-02-2024T22:46:46 - [MESSAGE][INFO] - Action delay is set to 0 milliseconds

09-02-2024T22:46:47 - [MESSAGE][PASSED] - Browser is opened with url: ''

09-02-2024T22:46:47 - [TEST_STEP][PASSED] - navigateToUrl("https://www.amazon.in/"): Navigate to 'https://www.amazon.in/' successfully

09-02-2024T22:46:48 - [MESSAGE][PASSED] - Navigate to 'https://www.amazon.in/' successfully

09-02-2024T22:46:48 - [TEST_STEP][PASSED] - click(findTestObject("Object Repository/Amazon_Footer_OR/Page_Amazon.in/button_Continue shopping")): Object: 'Object Repository/Amazon_Footer_OR/Page_Amazon.in/button_Continue shopping' is clicked on

09-02-2024T22:46:49 - [MESSAGE][PASSED] - Object: 'Object Repository/Amazon_Footer_OR/Page_Amazon.in/button_Continue shopping' is clicked on

09-02-2024T22:46:49 - [TEST_STEP][PASSED] - click(findTestObject("Object Repository/Amazon_Footer_OR/Page_Online Shopping site in India Shop Onl_10c5f3/a_Australia")): Object: 'Object Repository/Amazon_Footer_OR/Page_Online Shopping site in India Shop Onl_10c5f3/a_Australia' is clicked on

09-02-2024T22:47:17 - [MESSAGE][PASSED] - Object: 'Object Repository/Amazon_Footer_OR/Page_Online Shopping site in India Shop Onl_10c5f3/a_Australia' is clicked on

09-02-2024T22:47:17 - [TEST_STEP][PASSED] - click(findTestObject("Object Repository/Amazon_Footer_OR/Page_Amazon.com.au Shop online for Electron_18857a/a_India")): Object: 'Object Repository/Amazon_Footer_OR/Page_Amazon.com.au Shop online for Electron_18857a/a_India' is clicked on

09-02-2024T22:47:20 - [MESSAGE][PASSED] - Object: 'Object Repository/Amazon_Footer_OR/Page_Amazon.com.au Shop online for Electron_18857a/a_India' is clicked on

09-02-2024T22:47:20 - [TEST_STEP][PASSED] - closeBrowser(): Browser is closed

09-02-2024T22:47:20 - [MESSAGE][PASSED] - Browser is closed]]></system-out>
         <system-err><![CDATA[]]></system-err>
      </testcase>
      <system-out><![CDATA[09-02-2024T22:45:02 - [TEST_SUITE][FAILED] - Amazon_Test Suite: Test Cases/Amazon_Test/Amazon_TC_Footer FAILED.
Reason:
com.kms.katalon.core.exception.StepFailedException: Unable to click on object 'Object Repository/Amazon_Footer_OR/Page_Amazon.in/button_Continue shopping'
	at com.kms.katalon.core.webui.keyword.internal.WebUIKeywordMain.stepFailed(WebUIKeywordMain.groovy:64)
	at com.kms.katalon.core.webui.keyword.internal.WebUIKeywordMain.runKeyword(WebUIKeywordMain.groovy:26)
	at com.kms.katalon.core.webui.keyword.builtin.ClickKeyword.click(ClickKeyword.groovy:74)
	at com.kms.katalon.core.webui.keyword.builtin.ClickKeyword.execute(ClickKeyword.groovy:40)
	at com.kms.katalon.core.keyword.internal.KeywordExecutor.executeKeywordForPlatform(KeywordExecutor.groovy:74)
	at com.kms.katalon.core.webui.keyword.WebUiBuiltInKeywords.click(WebUiBuiltInKeywords.groovy:659)
	at Amazon_TC_Footer.run(Amazon_TC_Footer:24)
	at com.kms.katalon.core.main.ScriptEngine.run(ScriptEngine.java:194)
	at com.kms.katalon.core.main.ScriptEngine.runScriptAsRawText(ScriptEngine.java:119)
	at com.kms.katalon.core.main.TestCaseExecutor.runScript(TestCaseExecutor.java:448)
	at com.kms.katalon.core.main.TestCaseExecutor.doExecute(TestCaseExecutor.java:439)
	at com.kms.katalon.core.main.TestCaseExecutor.processExecutionPhase(TestCaseExecutor.java:418)
	at com.kms.katalon.core.main.TestCaseExecutor.accessMainPhase(TestCaseExecutor.java:410)
	at com.kms.katalon.core.main.TestCaseExecutor.execute(TestCaseExecutor.java:285)
	at com.kms.katalon.core.common.CommonExecutor.accessTestCaseMainPhase(CommonExecutor.java:65)
	at com.kms.katalon.core.main.TestSuiteExecutor.accessTestSuiteMainPhase(TestSuiteExecutor.java:148)
	at com.kms.katalon.core.main.TestSuiteExecutor.execute(TestSuiteExecutor.java:106)
	at com.kms.katalon.core.main.TestCaseMain.startTestSuite(TestCaseMain.java:180)
	at TempTestSuite1707498898442.run(TempTestSuite1707498898442.groovy:36)
	at java.base/jdk.internal.reflect.NativeMethodAccessorImpl.invoke0(Native Method)
	at java.base/jdk.internal.reflect.NativeMethodAccessorImpl.invoke(NativeMethodAccessorImpl.java:77)
	at java.base/jdk.internal.reflect.DelegatingMethodAccessorImpl.invoke(DelegatingMethodAccessorImpl.java:43)
Caused by: com.kms.katalon.core.webui.exception.WebElementNotFoundException: Web element with id: 'Object Repository/Amazon_Footer_OR/Page_Amazon.in/button_Continue shopping' located by '//button[@type='submit']' not found
	at com.kms.katalon.core.webui.common.WebUiCommonHelper.findWebElement(WebUiCommonHelper.java:1379)
	at com.kms.katalon.core.webui.keyword.internal.WebUIAbstractKeyword.findWebElement(WebUIAbstractKeyword.groovy:27)
	at com.kms.katalon.core.webui.keyword.builtin.ClickKeyword$_click_closure1.doCall(ClickKeyword.groovy:65)
	at com.kms.katalon.core.webui.keyword.builtin.ClickKeyword$_click_closure1.call(ClickKeyword.groovy)
	at com.kms.katalon.core.webui.keyword.internal.WebUIKeywordMain.runKeyword(WebUIKeywordMain.groovy:20)
	... 20 more]]></system-out>
      <system-err><![CDATA[09-02-2024T22:45:02 - [TEST_SUITE][FAILED] - Amazon_Test Suite: Test Cases/Amazon_Test/Amazon_TC_Footer FAILED.
Reason:
com.kms.katalon.core.exception.StepFailedException: Unable to click on object 'Object Repository/Amazon_Footer_OR/Page_Amazon.in/button_Continue shopping'
	at com.kms.katalon.core.webui.keyword.internal.WebUIKeywordMain.stepFailed(WebUIKeywordMain.groovy:64)
	at com.kms.katalon.core.webui.keyword.internal.WebUIKeywordMain.runKeyword(WebUIKeywordMain.groovy:26)
	at com.kms.katalon.core.webui.keyword.builtin.ClickKeyword.click(ClickKeyword.groovy:74)
	at com.kms.katalon.core.webui.keyword.builtin.ClickKeyword.execute(ClickKeyword.groovy:40)
	at com.kms.katalon.core.keyword.internal.KeywordExecutor.executeKeywordForPlatform(KeywordExecutor.groovy:74)
	at com.kms.katalon.core.webui.keyword.WebUiBuiltInKeywords.click(WebUiBuiltInKeywords.groovy:659)
	at Amazon_TC_Footer.run(Amazon_TC_Footer:24)
	at com.kms.katalon.core.main.ScriptEngine.run(ScriptEngine.java:194)
	at com.kms.katalon.core.main.ScriptEngine.runScriptAsRawText(ScriptEngine.java:119)
	at com.kms.katalon.core.main.TestCaseExecutor.runScript(TestCaseExecutor.java:448)
	at com.kms.katalon.core.main.TestCaseExecutor.doExecute(TestCaseExecutor.java:439)
	at com.kms.katalon.core.main.TestCaseExecutor.processExecutionPhase(TestCaseExecutor.java:418)
	at com.kms.katalon.core.main.TestCaseExecutor.accessMainPhase(TestCaseExecutor.java:410)
	at com.kms.katalon.core.main.TestCaseExecutor.execute(TestCaseExecutor.java:285)
	at com.kms.katalon.core.common.CommonExecutor.accessTestCaseMainPhase(CommonExecutor.java:65)
	at com.kms.katalon.core.main.TestSuiteExecutor.accessTestSuiteMainPhase(TestSuiteExecutor.java:148)
	at com.kms.katalon.core.main.TestSuiteExecutor.execute(TestSuiteExecutor.java:106)
	at com.kms.katalon.core.main.TestCaseMain.startTestSuite(TestCaseMain.java:180)
	at TempTestSuite1707498898442.run(TempTestSuite1707498898442.groovy:36)
	at java.base/jdk.internal.reflect.NativeMethodAccessorImpl.invoke0(Native Method)
	at java.base/jdk.internal.reflect.NativeMethodAccessorImpl.invoke(NativeMethodAccessorImpl.java:77)
	at java.base/jdk.internal.reflect.DelegatingMethodAccessorImpl.invoke(DelegatingMethodAccessorImpl.java:43)
Caused by: com.kms.katalon.core.webui.exception.WebElementNotFoundException: Web element with id: 'Object Repository/Amazon_Footer_OR/Page_Amazon.in/button_Continue shopping' located by '//button[@type='submit']' not found
	at com.kms.katalon.core.webui.common.WebUiCommonHelper.findWebElement(WebUiCommonHelper.java:1379)
	at com.kms.katalon.core.webui.keyword.internal.WebUIAbstractKeyword.findWebElement(WebUIAbstractKeyword.groovy:27)
	at com.kms.katalon.core.webui.keyword.builtin.ClickKeyword$_click_closure1.doCall(ClickKeyword.groovy:65)
	at com.kms.katalon.core.webui.keyword.builtin.ClickKeyword$_click_closure1.call(ClickKeyword.groovy)
	at com.kms.katalon.core.webui.keyword.internal.WebUIKeywordMain.runKeyword(WebUIKeywordMain.groovy:20)
	... 20 more]]></system-err>
   </testsuite>
</testsuites>
